2023-09-22 21:37:18,625 : INFO : test_formSubmission : ×
Success! The Form has been submitted successfully!.
2023-09-22 21:37:21,474 : INFO : test_e2e : getting all cards
2023-09-22 21:37:21,534 : INFO : test_e2e : iphone X
2023-09-22 21:37:21,539 : INFO : test_e2e : Samsung Note 8
2023-09-22 21:37:21,564 : INFO : test_e2e : Nokia Edge
2023-09-22 21:37:21,571 : INFO : test_e2e : Blackberry
2023-09-22 21:41:11,326 : INFO : test_formSubmission : ×
Success! The Form has been submitted successfully!.
2023-09-22 21:41:14,074 : INFO : test_e2e : getting all cards
2023-09-22 21:41:14,107 : INFO : test_e2e : iphone X
2023-09-22 21:41:14,123 : INFO : test_e2e : Samsung Note 8
2023-09-22 21:41:14,165 : INFO : test_e2e : Nokia Edge
2023-09-22 21:41:14,217 : INFO : test_e2e : Blackberry
2023-09-22 21:46:46,186 : INFO : test_formSubmission : ×
Success! The Form has been submitted successfully!.
2023-09-22 21:46:48,839 : INFO : test_e2e : getting all cards
2023-09-22 21:46:48,899 : INFO : test_e2e : iphone X
2023-09-22 21:46:48,917 : INFO : test_e2e : Samsung Note 8
2023-09-22 21:46:48,940 : INFO : test_e2e : Nokia Edge
2023-09-22 21:46:48,952 : INFO : test_e2e : Blackberry
2023-09-22 21:49:03,274 : INFO : test_formSubmission : ×
Success! The Form has been submitted successfully!.
2023-09-22 21:49:06,305 : INFO : test_e2e : getting all cards
2023-09-22 21:49:06,364 : INFO : test_e2e : iphone X
2023-09-22 21:49:06,396 : INFO : test_e2e : Samsung Note 8
2023-09-22 21:49:06,422 : INFO : test_e2e : Nokia Edge
2023-09-22 21:49:06,443 : INFO : test_e2e : Blackberry
2023-09-22 21:50:35,882 : INFO : test_formSubmission : ×
Success! The Form has been submitted successfully!.
2023-09-22 21:50:38,997 : INFO : test_e2e : getting all cards
2023-09-22 21:50:39,039 : INFO : test_e2e : iphone X
2023-09-22 21:50:39,071 : INFO : test_e2e : Samsung Note 8
2023-09-22 21:50:39,091 : INFO : test_e2e : Nokia Edge
2023-09-22 21:50:39,109 : INFO : test_e2e : Blackberry
2023-09-22 21:50:39,348 : INFO : test_e2e : Entering country name 'un' for suggestions
2023-09-23 08:28:46,964 : INFO : test_formSubmission : ×
Success! The Form has been submitted successfully!.
2023-09-23 08:28:49,863 : INFO : test_e2e : getting all cards
2023-09-23 08:28:49,934 : INFO : test_e2e : iphone X
2023-09-23 08:28:49,965 : INFO : test_e2e : Samsung Note 8
2023-09-23 08:28:49,998 : INFO : test_e2e : Nokia Edge
2023-09-23 08:28:50,022 : INFO : test_e2e : Blackberry
2023-09-23 08:28:50,427 : INFO : test_e2e : Entering country name 'un' for suggestions
2023-09-24 19:51:39,990 : INFO : test_formSubmission : ×
Success! The Form has been submitted successfully!.
2023-09-24 19:51:42,745 : INFO : test_e2e : getting all cards
2023-09-24 19:51:42,807 : INFO : test_e2e : iphone X
2023-09-24 19:51:42,830 : INFO : test_e2e : Samsung Note 8
2023-09-24 19:51:42,849 : INFO : test_e2e : Nokia Edge
2023-09-24 19:51:42,872 : INFO : test_e2e : Blackberry
2023-09-24 19:51:43,120 : INFO : test_e2e : Entering country name 'un' for suggestions
