2023-09-24 19:59:18,872 : INFO : test_e2e : getting all cards
2023-09-24 19:59:18,930 : INFO : test_e2e : iphone X
2023-09-24 19:59:18,945 : INFO : test_e2e : Samsung Note 8
2023-09-24 19:59:18,965 : INFO : test_e2e : Nokia Edge
2023-09-24 19:59:18,988 : INFO : test_e2e : Blackberry
2023-09-24 19:59:19,220 : INFO : test_e2e : Entering country name 'un' for suggestions
2023-09-24 20:03:06,751 : INFO : test_e2e : getting all cards
2023-09-24 20:03:06,799 : INFO : test_e2e : iphone X
2023-09-24 20:03:06,816 : INFO : test_e2e : Samsung Note 8
2023-09-24 20:03:06,825 : INFO : test_e2e : Nokia Edge
2023-09-24 20:03:06,837 : INFO : test_e2e : Blackberry
2023-09-24 20:03:07,021 : INFO : test_e2e : Entering country name 'un' for suggestions
2023-09-24 20:06:18,868 : INFO : test_e2e : getting all cards
2023-09-24 20:06:18,910 : INFO : test_e2e : iphone X
2023-09-24 20:06:18,944 : INFO : test_e2e : Samsung Note 8
2023-09-24 20:06:18,964 : INFO : test_e2e : Nokia Edge
2023-09-24 20:06:18,980 : INFO : test_e2e : Blackberry
2023-09-24 20:06:19,204 : INFO : test_e2e : Entering country name 'un' for suggestions
2023-09-24 20:21:06,764 : INFO : test_e2e : getting all cards
2023-09-24 20:21:06,814 : INFO : test_e2e : iphone X
2023-09-24 20:21:06,825 : INFO : test_e2e : Samsung Note 8
2023-09-24 20:21:06,838 : INFO : test_e2e : Nokia Edge
2023-09-24 20:21:06,849 : INFO : test_e2e : Blackberry
2023-09-24 20:21:07,074 : INFO : test_e2e : Entering country name 'un' for suggestions
2023-09-24 20:23:17,314 : INFO : test_e2e : getting all cards
2023-09-24 20:23:17,362 : INFO : test_e2e : iphone X
2023-09-24 20:23:17,386 : INFO : test_e2e : Samsung Note 8
2023-09-24 20:23:17,408 : INFO : test_e2e : Nokia Edge
2023-09-24 20:23:17,459 : INFO : test_e2e : Blackberry
2023-09-24 20:23:17,685 : INFO : test_e2e : Entering country name 'un' for suggestions
2023-09-24 20:25:06,645 : INFO : test_e2e : getting all cards
2023-09-24 20:25:06,710 : INFO : test_e2e : iphone X
2023-09-24 20:25:06,734 : INFO : test_e2e : Samsung Note 8
2023-09-24 20:25:06,760 : INFO : test_e2e : Nokia Edge
2023-09-24 20:25:06,793 : INFO : test_e2e : Blackberry
2023-09-24 20:25:07,044 : INFO : test_e2e : Entering country name 'un' for suggestions
